{"/Users/stevekriz/hr/reviews/database/index.js": {"path":"/Users/stevekriz/hr/reviews/database/index.js","statementMap":{"0":{"start":{"line":1,"column":17},"end":{"line":1,"column":36}},"1":{"start":{"line":3,"column":0},"end":{"line":6,"column":3}},"2":{"start":{"line":8,"column":22},"end":{"line":14,"column":2}},"3":{"start":{"line":16,"column":15},"end":{"line":16,"column":54}},"4":{"start":{"line":18,"column":0},"end":{"line":21,"column":2}}},"fnMap":{},"branchMap":{},"s":{"0":1,"1":1,"2":1,"3":1,"4":1},"f":{},"b":{},"_coverageSchema":"1a1c01bbd47fc00a2c39e90264f33305004495a9","hash":"eaee50c72a343d019261612d39f2e7575b2ec617"}
,"/Users/stevekriz/hr/reviews/server/app.js": {"path":"/Users/stevekriz/hr/reviews/server/app.js","statementMap":{"0":{"start":{"line":1,"column":16},"end":{"line":1,"column":34}},"1":{"start":{"line":2,"column":13},"end":{"line":2,"column":28}},"2":{"start":{"line":3,"column":19},"end":{"line":3,"column":41}},"3":{"start":{"line":4,"column":15},"end":{"line":4,"column":34}},"4":{"start":{"line":6,"column":12},"end":{"line":6,"column":21}},"5":{"start":{"line":8,"column":0},"end":{"line":8,"column":51}},"6":{"start":{"line":9,"column":0},"end":{"line":9,"column":27}},"7":{"start":{"line":11,"column":0},"end":{"line":11,"column":64}},"8":{"start":{"line":13,"column":0},"end":{"line":13,"column":32}},"9":{"start":{"line":15,"column":0},"end":{"line":15,"column":21}}},"fnMap":{},"branchMap":{},"s":{"0":1,"1":1,"2":1,"3":1,"4":1,"5":1,"6":1,"7":1,"8":1,"9":1},"f":{},"b":{},"_coverageSchema":"1a1c01bbd47fc00a2c39e90264f33305004495a9","hash":"44c3e1c0d09f18bddf2de120cc87ac1342fffccc"}
,"/Users/stevekriz/hr/reviews/server/routes.js": {"path":"/Users/stevekriz/hr/reviews/server/routes.js","statementMap":{"0":{"start":{"line":1,"column":16},"end":{"line":1,"column":34}},"1":{"start":{"line":2,"column":26},"end":{"line":2,"column":68}},"2":{"start":{"line":4,"column":15},"end":{"line":4,"column":31}},"3":{"start":{"line":6,"column":0},"end":{"line":6,"column":49}},"4":{"start":{"line":8,"column":0},"end":{"line":8,"column":24}}},"fnMap":{},"branchMap":{},"s":{"0":1,"1":1,"2":1,"3":1,"4":1},"f":{},"b":{},"_coverageSchema":"1a1c01bbd47fc00a2c39e90264f33305004495a9","hash":"dffa5a5dae3846e719fb9148c794deb5e225af9c"}
,"/Users/stevekriz/hr/reviews/server/controllers/ReviewsController.js": {"path":"/Users/stevekriz/hr/reviews/server/controllers/ReviewsController.js","statementMap":{"0":{"start":{"line":1,"column":21},"end":{"line":1,"column":54}},"1":{"start":{"line":3,"column":19},"end":{"line":11,"column":1}},"2":{"start":{"line":4,"column":2},"end":{"line":10,"column":5}},"3":{"start":{"line":5,"column":4},"end":{"line":9,"column":5}},"4":{"start":{"line":6,"column":6},"end":{"line":6,"column":32}},"5":{"start":{"line":8,"column":6},"end":{"line":8,"column":36}},"6":{"start":{"line":13,"column":0},"end":{"line":15,"column":2}}},"fnMap":{"0":{"name":"(anonymous_0)","decl":{"start":{"line":3,"column":19},"end":{"line":3,"column":20}},"loc":{"start":{"line":3,"column":33},"end":{"line":11,"column":1}},"line":3},"1":{"name":"(anonymous_1)","decl":{"start":{"line":4,"column":41},"end":{"line":4,"column":42}},"loc":{"start":{"line":4,"column":59},"end":{"line":10,"column":3}},"line":4}},"branchMap":{"0":{"loc":{"start":{"line":5,"column":4},"end":{"line":9,"column":5}},"type":"if","locations":[{"start":{"line":5,"column":4},"end":{"line":9,"column":5}},{"start":{"line":5,"column":4},"end":{"line":9,"column":5}}],"line":5}},"s":{"0":1,"1":1,"2":2,"3":2,"4":1,"5":1,"6":1},"f":{"0":2,"1":2},"b":{"0":[1,1]},"_coverageSchema":"1a1c01bbd47fc00a2c39e90264f33305004495a9","hash":"da89c08c8d2e52f9b64a50deb097039ea1b482e6"}
,"/Users/stevekriz/hr/reviews/server/models/ReviewsModel.js": {"path":"/Users/stevekriz/hr/reviews/server/models/ReviewsModel.js","statementMap":{"0":{"start":{"line":1,"column":11},"end":{"line":1,"column":42}},"1":{"start":{"line":3,"column":19},"end":{"line":5,"column":1}},"2":{"start":{"line":4,"column":2},"end":{"line":4,"column":35}},"3":{"start":{"line":7,"column":0},"end":{"line":9,"column":2}}},"fnMap":{"0":{"name":"(anonymous_0)","decl":{"start":{"line":3,"column":19},"end":{"line":3,"column":20}},"loc":{"start":{"line":3,"column":37},"end":{"line":5,"column":1}},"line":3}},"branchMap":{},"s":{"0":1,"1":1,"2":2,"3":1},"f":{"0":2},"b":{},"_coverageSchema":"1a1c01bbd47fc00a2c39e90264f33305004495a9","hash":"c4891e72d3e2fb9e2ade169fe08f0903aa449e0b"}
,"/Users/stevekriz/hr/reviews/src/app.jsx": {"path":"/Users/stevekriz/hr/reviews/src/app.jsx","statementMap":{"0":{"start":{"line":11,"column":21},"end":{"line":26,"column":1}},"1":{"start":{"line":28,"column":25},"end":{"line":40,"column":1}},"2":{"start":{"line":42,"column":12},"end":{"line":83,"column":1}},"3":{"start":{"line":43,"column":34},"end":{"line":43,"column":48}},"4":{"start":{"line":44,"column":32},"end":{"line":44,"column":44}},"5":{"start":{"line":45,"column":42},"end":{"line":45,"column":57}},"6":{"start":{"line":47,"column":21},"end":{"line":54,"column":3}},"7":{"start":{"line":48,"column":4},"end":{"line":53,"column":49}},"8":{"start":{"line":50,"column":8},"end":{"line":50,"column":25}},"9":{"start":{"line":51,"column":8},"end":{"line":51,"column":26}},"10":{"start":{"line":53,"column":24},"end":{"line":53,"column":45}},"11":{"start":{"line":56,"column":2},"end":{"line":58,"column":9}},"12":{"start":{"line":57,"column":4},"end":{"line":57,"column":17}},"13":{"start":{"line":60,"column":2},"end":{"line":62,"column":3}},"14":{"start":{"line":61,"column":4},"end":{"line":61,"column":51}},"15":{"start":{"line":64,"column":20},"end":{"line":66,"column":3}},"16":{"start":{"line":65,"column":4},"end":{"line":65,"column":26}},"17":{"start":{"line":68,"column":21},"end":{"line":70,"column":3}},"18":{"start":{"line":69,"column":4},"end":{"line":69,"column":27}},"19":{"start":{"line":72,"column":2},"end":{"line":82,"column":4}}},"fnMap":{"0":{"name":"(anonymous_0)","decl":{"start":{"line":42,"column":12},"end":{"line":42,"column":13}},"loc":{"start":{"line":42,"column":18},"end":{"line":83,"column":1}},"line":42},"1":{"name":"(anonymous_1)","decl":{"start":{"line":47,"column":21},"end":{"line":47,"column":22}},"loc":{"start":{"line":47,"column":27},"end":{"line":54,"column":3}},"line":47},"2":{"name":"(anonymous_2)","decl":{"start":{"line":49,"column":12},"end":{"line":49,"column":13}},"loc":{"start":{"line":49,"column":26},"end":{"line":52,"column":7}},"line":49},"3":{"name":"(anonymous_3)","decl":{"start":{"line":53,"column":13},"end":{"line":53,"column":14}},"loc":{"start":{"line":53,"column":22},"end":{"line":53,"column":47}},"line":53},"4":{"name":"(anonymous_4)","decl":{"start":{"line":56,"column":12},"end":{"line":56,"column":13}},"loc":{"start":{"line":56,"column":18},"end":{"line":58,"column":3}},"line":56},"5":{"name":"(anonymous_5)","decl":{"start":{"line":64,"column":20},"end":{"line":64,"column":21}},"loc":{"start":{"line":64,"column":26},"end":{"line":66,"column":3}},"line":64},"6":{"name":"(anonymous_6)","decl":{"start":{"line":68,"column":21},"end":{"line":68,"column":22}},"loc":{"start":{"line":68,"column":27},"end":{"line":70,"column":3}},"line":68}},"branchMap":{"0":{"loc":{"start":{"line":60,"column":2},"end":{"line":62,"column":3}},"type":"if","locations":[{"start":{"line":60,"column":2},"end":{"line":62,"column":3}},{"start":{"line":60,"column":2},"end":{"line":62,"column":3}}],"line":60}},"s":{"0":1,"1":1,"2":1,"3":1,"4":1,"5":1,"6":1,"7":0,"8":0,"9":0,"10":0,"11":1,"12":0,"13":1,"14":1,"15":0,"16":0,"17":0,"18":0,"19":0},"f":{"0":1,"1":0,"2":0,"3":0,"4":0,"5":0,"6":0},"b":{"0":[1,0]},"_coverageSchema":"1a1c01bbd47fc00a2c39e90264f33305004495a9","hash":"74f5c97f1df972ab8ee204c1416dc49d9d1ff36c"}
,"/Users/stevekriz/hr/reviews/src/components/Footer.jsx": {"path":"/Users/stevekriz/hr/reviews/src/components/Footer.jsx","statementMap":{"0":{"start":{"line":5,"column":29},"end":{"line":27,"column":1}},"1":{"start":{"line":29,"column":15},"end":{"line":41,"column":1}},"2":{"start":{"line":30,"column":22},"end":{"line":32,"column":3}},"3":{"start":{"line":31,"column":4},"end":{"line":31,"column":16}},"4":{"start":{"line":34,"column":2},"end":{"line":40,"column":4}},"5":{"start":{"line":45,"column":0},"end":{"line":48,"column":2}}},"fnMap":{"0":{"name":"(anonymous_0)","decl":{"start":{"line":29,"column":15},"end":{"line":29,"column":16}},"loc":{"start":{"line":29,"column":47},"end":{"line":41,"column":1}},"line":29},"1":{"name":"(anonymous_1)","decl":{"start":{"line":30,"column":22},"end":{"line":30,"column":23}},"loc":{"start":{"line":30,"column":28},"end":{"line":32,"column":3}},"line":30}},"branchMap":{},"s":{"0":2,"1":2,"2":1,"3":6,"4":1,"5":2},"f":{"0":1,"1":6},"b":{},"_coverageSchema":"1a1c01bbd47fc00a2c39e90264f33305004495a9","hash":"188886aea81124461318c844a36bacb849d9d9dd"}
,"/Users/stevekriz/hr/reviews/src/components/Header.jsx": {"path":"/Users/stevekriz/hr/reviews/src/components/Header.jsx","statementMap":{"0":{"start":{"line":5,"column":18},"end":{"line":11,"column":1}},"1":{"start":{"line":13,"column":13},"end":{"line":17,"column":1}},"2":{"start":{"line":19,"column":13},"end":{"line":22,"column":1}},"3":{"start":{"line":24,"column":15},"end":{"line":29,"column":1}},"4":{"start":{"line":25,"column":2},"end":{"line":28,"column":14}},"5":{"start":{"line":33,"column":0},"end":{"line":36,"column":2}}},"fnMap":{"0":{"name":"(anonymous_0)","decl":{"start":{"line":24,"column":15},"end":{"line":24,"column":16}},"loc":{"start":{"line":25,"column":2},"end":{"line":28,"column":14}},"line":25}},"branchMap":{},"s":{"0":2,"1":2,"2":2,"3":2,"4":1,"5":2},"f":{"0":1},"b":{},"_coverageSchema":"1a1c01bbd47fc00a2c39e90264f33305004495a9","hash":"9bacc10712c8098f9aa782a3341fac6f78842942"}
,"/Users/stevekriz/hr/reviews/src/components/Modal.jsx": {"path":"/Users/stevekriz/hr/reviews/src/components/Modal.jsx","statementMap":{"0":{"start":{"line":8,"column":17},"end":{"line":17,"column":1}},"1":{"start":{"line":16,"column":24},"end":{"line":16,"column":44}},"2":{"start":{"line":19,"column":23},"end":{"line":36,"column":1}},"3":{"start":{"line":38,"column":14},"end":{"line":76,"column":1}},"4":{"start":{"line":39,"column":14},"end":{"line":39,"column":26}},"5":{"start":{"line":41,"column":2},"end":{"line":52,"column":26}},"6":{"start":{"line":42,"column":20},"end":{"line":42,"column":31}},"7":{"start":{"line":43,"column":4},"end":{"line":47,"column":5}},"8":{"start":{"line":44,"column":6},"end":{"line":44,"column":32}},"9":{"start":{"line":45,"column":6},"end":{"line":45,"column":63}},"10":{"start":{"line":46,"column":6},"end":{"line":46,"column":46}},"11":{"start":{"line":49,"column":4},"end":{"line":51,"column":6}},"12":{"start":{"line":50,"column":6},"end":{"line":50,"column":45}},"13":{"start":{"line":54,"column":22},"end":{"line":58,"column":3}},"14":{"start":{"line":55,"column":4},"end":{"line":55,"column":36}},"15":{"start":{"line":56,"column":4},"end":{"line":56,"column":58}},"16":{"start":{"line":57,"column":4},"end":{"line":57,"column":32}},"17":{"start":{"line":60,"column":27},"end":{"line":62,"column":3}},"18":{"start":{"line":61,"column":4},"end":{"line":61,"column":24}},"19":{"start":{"line":64,"column":2},"end":{"line":75,"column":4}},"20":{"start":{"line":80,"column":0},"end":{"line":84,"column":2}}},"fnMap":{"0":{"name":"(anonymous_0)","decl":{"start":{"line":16,"column":13},"end":{"line":16,"column":14}},"loc":{"start":{"line":16,"column":24},"end":{"line":16,"column":44}},"line":16},"1":{"name":"(anonymous_1)","decl":{"start":{"line":38,"column":14},"end":{"line":38,"column":15}},"loc":{"start":{"line":38,"column":57},"end":{"line":76,"column":1}},"line":38},"2":{"name":"(anonymous_2)","decl":{"start":{"line":41,"column":12},"end":{"line":41,"column":13}},"loc":{"start":{"line":41,"column":18},"end":{"line":52,"column":3}},"line":41},"3":{"name":"(anonymous_3)","decl":{"start":{"line":49,"column":11},"end":{"line":49,"column":12}},"loc":{"start":{"line":49,"column":17},"end":{"line":51,"column":5}},"line":49},"4":{"name":"(anonymous_4)","decl":{"start":{"line":54,"column":22},"end":{"line":54,"column":23}},"loc":{"start":{"line":54,"column":28},"end":{"line":58,"column":3}},"line":54},"5":{"name":"(anonymous_5)","decl":{"start":{"line":60,"column":27},"end":{"line":60,"column":28}},"loc":{"start":{"line":60,"column":34},"end":{"line":62,"column":3}},"line":60}},"branchMap":{"0":{"loc":{"start":{"line":16,"column":24},"end":{"line":16,"column":44}},"type":"binary-expr","locations":[{"start":{"line":16,"column":24},"end":{"line":16,"column":34}},{"start":{"line":16,"column":38},"end":{"line":16,"column":44}}],"line":16},"1":{"loc":{"start":{"line":43,"column":4},"end":{"line":47,"column":5}},"type":"if","locations":[{"start":{"line":43,"column":4},"end":{"line":47,"column":5}},{"start":{"line":43,"column":4},"end":{"line":47,"column":5}}],"line":43},"2":{"loc":{"start":{"line":43,"column":8},"end":{"line":43,"column":31}},"type":"binary-expr","locations":[{"start":{"line":43,"column":8},"end":{"line":43,"column":15}},{"start":{"line":43,"column":19},"end":{"line":43,"column":31}}],"line":43},"3":{"loc":{"start":{"line":67,"column":12},"end":{"line":67,"column":43}},"type":"cond-expr","locations":[{"start":{"line":67,"column":27},"end":{"line":67,"column":34}},{"start":{"line":67,"column":37},"end":{"line":67,"column":43}}],"line":67}},"s":{"0":2,"1":1,"2":2,"3":2,"4":1,"5":1,"6":1,"7":1,"8":1,"9":1,"10":1,"11":1,"12":1,"13":1,"14":1,"15":1,"16":1,"17":1,"18":0,"19":1,"20":2},"f":{"0":1,"1":1,"2":1,"3":1,"4":1,"5":0},"b":{"0":[1,0],"1":[1,0],"2":[1,1],"3":[1,0]},"_coverageSchema":"1a1c01bbd47fc00a2c39e90264f33305004495a9","hash":"9e6f124c9763fa670d01d2c056e7b95877855e5a"}
,"/Users/stevekriz/hr/reviews/src/components/ModalBody.jsx": {"path":"/Users/stevekriz/hr/reviews/src/components/ModalBody.jsx","statementMap":{"0":{"start":{"line":11,"column":24},"end":{"line":23,"column":1}},"1":{"start":{"line":25,"column":18},"end":{"line":37,"column":1}},"2":{"start":{"line":39,"column":24},"end":{"line":53,"column":1}},"3":{"start":{"line":55,"column":22},"end":{"line":63,"column":1}},"4":{"start":{"line":65,"column":18},"end":{"line":96,"column":1}},"5":{"start":{"line":66,"column":38},"end":{"line":66,"column":50}},"6":{"start":{"line":67,"column":52},"end":{"line":67,"column":64}},"7":{"start":{"line":69,"column":24},"end":{"line":69,"column":91}},"8":{"start":{"line":69,"column":50},"end":{"line":69,"column":76}},"9":{"start":{"line":71,"column":28},"end":{"line":74,"column":3}},"10":{"start":{"line":72,"column":4},"end":{"line":72,"column":24}},"11":{"start":{"line":73,"column":4},"end":{"line":73,"column":24}},"12":{"start":{"line":76,"column":2},"end":{"line":95,"column":4}},"13":{"start":{"line":100,"column":0},"end":{"line":102,"column":2}}},"fnMap":{"0":{"name":"(anonymous_0)","decl":{"start":{"line":65,"column":18},"end":{"line":65,"column":19}},"loc":{"start":{"line":65,"column":35},"end":{"line":96,"column":1}},"line":65},"1":{"name":"(anonymous_1)","decl":{"start":{"line":69,"column":40},"end":{"line":69,"column":41}},"loc":{"start":{"line":69,"column":50},"end":{"line":69,"column":76}},"line":69},"2":{"name":"(anonymous_2)","decl":{"start":{"line":71,"column":28},"end":{"line":71,"column":29}},"loc":{"start":{"line":71,"column":38},"end":{"line":74,"column":3}},"line":71}},"branchMap":{},"s":{"0":3,"1":3,"2":3,"3":3,"4":3,"5":2,"6":2,"7":2,"8":0,"9":2,"10":0,"11":0,"12":2,"13":3},"f":{"0":2,"1":0,"2":0},"b":{},"_coverageSchema":"1a1c01bbd47fc00a2c39e90264f33305004495a9","hash":"904bfbf4056438b201d9a58a4c5d08f5bc27b9eb"}
,"/Users/stevekriz/hr/reviews/src/components/ModalClose.jsx": {"path":"/Users/stevekriz/hr/reviews/src/components/ModalClose.jsx","statementMap":{"0":{"start":{"line":5,"column":18},"end":{"line":8,"column":1}},"1":{"start":{"line":10,"column":15},"end":{"line":29,"column":1}},"2":{"start":{"line":31,"column":20},"end":{"line":43,"column":1}},"3":{"start":{"line":32,"column":22},"end":{"line":34,"column":3}},"4":{"start":{"line":33,"column":4},"end":{"line":33,"column":18}},"5":{"start":{"line":36,"column":2},"end":{"line":42,"column":4}},"6":{"start":{"line":47,"column":0},"end":{"line":49,"column":2}}},"fnMap":{"0":{"name":"(anonymous_0)","decl":{"start":{"line":31,"column":20},"end":{"line":31,"column":21}},"loc":{"start":{"line":31,"column":41},"end":{"line":43,"column":1}},"line":31},"1":{"name":"(anonymous_1)","decl":{"start":{"line":32,"column":22},"end":{"line":32,"column":23}},"loc":{"start":{"line":32,"column":28},"end":{"line":34,"column":3}},"line":32}},"branchMap":{},"s":{"0":3,"1":3,"2":3,"3":2,"4":6,"5":2,"6":3},"f":{"0":2,"1":6},"b":{},"_coverageSchema":"1a1c01bbd47fc00a2c39e90264f33305004495a9","hash":"8565a6d9d24821b61be5fb0dda471a1443433613"}
,"/Users/stevekriz/hr/reviews/src/components/ModalRatings.jsx": {"path":"/Users/stevekriz/hr/reviews/src/components/ModalRatings.jsx","statementMap":{"0":{"start":{"line":5,"column":25},"end":{"line":12,"column":1}},"1":{"start":{"line":14,"column":24},"end":{"line":23,"column":1}},"2":{"start":{"line":25,"column":17},"end":{"line":29,"column":1}},"3":{"start":{"line":30,"column":15},"end":{"line":36,"column":1}},"4":{"start":{"line":38,"column":20},"end":{"line":44,"column":1}},"5":{"start":{"line":46,"column":24},"end":{"line":51,"column":1}},"6":{"start":{"line":49,"column":22},"end":{"line":49,"column":38}},"7":{"start":{"line":53,"column":15},"end":{"line":56,"column":1}},"8":{"start":{"line":58,"column":21},"end":{"line":74,"column":1}},"9":{"start":{"line":59,"column":2},"end":{"line":73,"column":21}},"10":{"start":{"line":61,"column":6},"end":{"line":71,"column":24}},"11":{"start":{"line":78,"column":0},"end":{"line":80,"column":2}}},"fnMap":{"0":{"name":"(anonymous_0)","decl":{"start":{"line":49,"column":11},"end":{"line":49,"column":12}},"loc":{"start":{"line":49,"column":22},"end":{"line":49,"column":38}},"line":49},"1":{"name":"(anonymous_1)","decl":{"start":{"line":58,"column":21},"end":{"line":58,"column":22}},"loc":{"start":{"line":59,"column":2},"end":{"line":73,"column":21}},"line":59},"2":{"name":"(anonymous_2)","decl":{"start":{"line":60,"column":17},"end":{"line":60,"column":18}},"loc":{"start":{"line":61,"column":6},"end":{"line":71,"column":24}},"line":61}},"branchMap":{"0":{"loc":{"start":{"line":49,"column":22},"end":{"line":49,"column":38}},"type":"binary-expr","locations":[{"start":{"line":49,"column":22},"end":{"line":49,"column":33}},{"start":{"line":49,"column":37},"end":{"line":49,"column":38}}],"line":49},"1":{"loc":{"start":{"line":65,"column":36},"end":{"line":65,"column":55}},"type":"binary-expr","locations":[{"start":{"line":65,"column":36},"end":{"line":65,"column":50}},{"start":{"line":65,"column":54},"end":{"line":65,"column":55}}],"line":65}},"s":{"0":4,"1":4,"2":4,"3":4,"4":4,"5":4,"6":12,"7":4,"8":4,"9":2,"10":12,"11":4},"f":{"0":12,"1":2,"2":12},"b":{"0":[12,0],"1":[12,0]},"_coverageSchema":"1a1c01bbd47fc00a2c39e90264f33305004495a9","hash":"5d763353c15df7efe081f1b93b1638843d45091c"}
,"/Users/stevekriz/hr/reviews/src/components/ModalRatingsHeader.jsx": {"path":"/Users/stevekriz/hr/reviews/src/components/ModalRatingsHeader.jsx","statementMap":{"0":{"start":{"line":5,"column":18},"end":{"line":13,"column":1}},"1":{"start":{"line":15,"column":13},"end":{"line":21,"column":1}},"2":{"start":{"line":23,"column":21},"end":{"line":32,"column":1}},"3":{"start":{"line":34,"column":27},"end":{"line":43,"column":1}},"4":{"start":{"line":35,"column":2},"end":{"line":42,"column":14}},"5":{"start":{"line":47,"column":0},"end":{"line":50,"column":2}}},"fnMap":{"0":{"name":"(anonymous_0)","decl":{"start":{"line":34,"column":27},"end":{"line":34,"column":28}},"loc":{"start":{"line":35,"column":2},"end":{"line":42,"column":14}},"line":35}},"branchMap":{},"s":{"0":4,"1":4,"2":4,"3":4,"4":2,"5":4},"f":{"0":2},"b":{},"_coverageSchema":"1a1c01bbd47fc00a2c39e90264f33305004495a9","hash":"60ae87267c1668d0533e6e8e65a7855f946f5b5e"}
,"/Users/stevekriz/hr/reviews/src/components/ModalReview.jsx": {"path":"/Users/stevekriz/hr/reviews/src/components/ModalReview.jsx","statementMap":{"0":{"start":{"line":6,"column":15},"end":{"line":12,"column":1}},"1":{"start":{"line":14,"column":15},"end":{"line":22,"column":1}},"2":{"start":{"line":24,"column":23},"end":{"line":28,"column":1}},"3":{"start":{"line":30,"column":16},"end":{"line":34,"column":1}},"4":{"start":{"line":33,"column":20},"end":{"line":33,"column":37}},"5":{"start":{"line":36,"column":17},"end":{"line":42,"column":1}},"6":{"start":{"line":44,"column":13},"end":{"line":49,"column":1}},"7":{"start":{"line":51,"column":16},"end":{"line":57,"column":1}},"8":{"start":{"line":59,"column":17},"end":{"line":73,"column":1}},"9":{"start":{"line":75,"column":14},"end":{"line":82,"column":1}},"10":{"start":{"line":84,"column":20},"end":{"line":92,"column":1}},"11":{"start":{"line":94,"column":21},"end":{"line":103,"column":1}},"12":{"start":{"line":105,"column":20},"end":{"line":170,"column":1}},"13":{"start":{"line":106,"column":40},"end":{"line":106,"column":55}},"14":{"start":{"line":107,"column":50},"end":{"line":107,"column":65}},"15":{"start":{"line":109,"column":29},"end":{"line":109,"column":55}},"16":{"start":{"line":109,"column":35},"end":{"line":109,"column":55}},"17":{"start":{"line":110,"column":34},"end":{"line":110,"column":65}},"18":{"start":{"line":110,"column":40},"end":{"line":110,"column":65}},"19":{"start":{"line":112,"column":2},"end":{"line":169,"column":4}},"20":{"start":{"line":126,"column":245},"end":{"line":126,"column":268}},"21":{"start":{"line":129,"column":144},"end":{"line":129,"column":167}},"22":{"start":{"line":153,"column":273},"end":{"line":153,"column":296}},"23":{"start":{"line":156,"column":157},"end":{"line":156,"column":180}},"24":{"start":{"line":174,"column":0},"end":{"line":187,"column":2}},"25":{"start":{"line":189,"column":0},"end":{"line":189,"column":53}}},"fnMap":{"0":{"name":"(anonymous_0)","decl":{"start":{"line":33,"column":9},"end":{"line":33,"column":10}},"loc":{"start":{"line":33,"column":20},"end":{"line":33,"column":37}},"line":33},"1":{"name":"(anonymous_1)","decl":{"start":{"line":105,"column":20},"end":{"line":105,"column":21}},"loc":{"start":{"line":105,"column":55},"end":{"line":170,"column":1}},"line":105},"2":{"name":"(anonymous_2)","decl":{"start":{"line":109,"column":29},"end":{"line":109,"column":30}},"loc":{"start":{"line":109,"column":35},"end":{"line":109,"column":55}},"line":109},"3":{"name":"(anonymous_3)","decl":{"start":{"line":110,"column":34},"end":{"line":110,"column":35}},"loc":{"start":{"line":110,"column":40},"end":{"line":110,"column":65}},"line":110},"4":{"name":"(anonymous_4)","decl":{"start":{"line":126,"column":234},"end":{"line":126,"column":235}},"loc":{"start":{"line":126,"column":245},"end":{"line":126,"column":268}},"line":126},"5":{"name":"(anonymous_5)","decl":{"start":{"line":129,"column":133},"end":{"line":129,"column":134}},"loc":{"start":{"line":129,"column":144},"end":{"line":129,"column":167}},"line":129},"6":{"name":"(anonymous_6)","decl":{"start":{"line":153,"column":262},"end":{"line":153,"column":263}},"loc":{"start":{"line":153,"column":273},"end":{"line":153,"column":296}},"line":153},"7":{"name":"(anonymous_7)","decl":{"start":{"line":156,"column":146},"end":{"line":156,"column":147}},"loc":{"start":{"line":156,"column":157},"end":{"line":156,"column":180}},"line":156}},"branchMap":{"0":{"loc":{"start":{"line":33,"column":20},"end":{"line":33,"column":37}},"type":"binary-expr","locations":[{"start":{"line":33,"column":20},"end":{"line":33,"column":29}},{"start":{"line":33,"column":33},"end":{"line":33,"column":37}}],"line":33},"1":{"loc":{"start":{"line":126,"column":9},"end":{"line":135,"column":11}},"type":"cond-expr","locations":[{"start":{"line":126,"column":133},"end":{"line":126,"column":275}},{"start":{"line":128,"column":12},"end":{"line":134,"column":15}}],"line":126},"2":{"loc":{"start":{"line":126,"column":9},"end":{"line":126,"column":130}},"type":"binary-expr","locations":[{"start":{"line":126,"column":9},"end":{"line":126,"column":37}},{"start":{"line":126,"column":41},"end":{"line":126,"column":52}},{"start":{"line":126,"column":57},"end":{"line":126,"column":74}},{"start":{"line":126,"column":78},"end":{"line":126,"column":129}}],"line":126},"3":{"loc":{"start":{"line":138,"column":8},"end":{"line":166,"column":16}},"type":"cond-expr","locations":[{"start":{"line":140,"column":12},"end":{"line":164,"column":20}},{"start":{"line":166,"column":12},"end":{"line":166,"column":16}}],"line":138},"4":{"loc":{"start":{"line":153,"column":17},"end":{"line":162,"column":19}},"type":"cond-expr","locations":[{"start":{"line":153,"column":156},"end":{"line":153,"column":303}},{"start":{"line":155,"column":20},"end":{"line":161,"column":23}}],"line":153},"5":{"loc":{"start":{"line":153,"column":17},"end":{"line":153,"column":153}},"type":"binary-expr","locations":[{"start":{"line":153,"column":17},"end":{"line":153,"column":50}},{"start":{"line":153,"column":54},"end":{"line":153,"column":70}},{"start":{"line":153,"column":75},"end":{"line":153,"column":92}},{"start":{"line":153,"column":96},"end":{"line":153,"column":152}}],"line":153}},"s":{"0":5,"1":5,"2":5,"3":5,"4":4,"5":5,"6":5,"7":5,"8":5,"9":5,"10":5,"11":5,"12":5,"13":3,"14":3,"15":3,"16":0,"17":3,"18":0,"19":3,"20":0,"21":543,"22":255,"23":0,"24":5,"25":5},"f":{"0":4,"1":3,"2":0,"3":0,"4":0,"5":543,"6":255,"7":0},"b":{"0":[4,0],"1":[0,3],"2":[3,3,3,0],"3":[3,0],"4":[3,0],"5":[3,0,0,0]},"_coverageSchema":"1a1c01bbd47fc00a2c39e90264f33305004495a9","hash":"9ea22dc6012e5aa59593cad432c25cf38df5d42e"}
,"/Users/stevekriz/hr/reviews/src/components/ModalReviews.jsx": {"path":"/Users/stevekriz/hr/reviews/src/components/ModalReviews.jsx","statementMap":{"0":{"start":{"line":7,"column":25},"end":{"line":17,"column":1}},"1":{"start":{"line":19,"column":21},"end":{"line":35,"column":1}},"2":{"start":{"line":20,"column":24},"end":{"line":26,"column":13}},"3":{"start":{"line":22,"column":18},"end":{"line":24,"column":87}},"4":{"start":{"line":28,"column":2},"end":{"line":34,"column":4}},"5":{"start":{"line":31,"column":8},"end":{"line":31,"column":94}},"6":{"start":{"line":39,"column":0},"end":{"line":42,"column":2}},"7":{"start":{"line":44,"column":0},"end":{"line":44,"column":54}}},"fnMap":{"0":{"name":"(anonymous_0)","decl":{"start":{"line":19,"column":21},"end":{"line":19,"column":22}},"loc":{"start":{"line":19,"column":57},"end":{"line":35,"column":1}},"line":19},"1":{"name":"(anonymous_1)","decl":{"start":{"line":22,"column":6},"end":{"line":22,"column":7}},"loc":{"start":{"line":22,"column":18},"end":{"line":24,"column":87}},"line":22},"2":{"name":"(anonymous_2)","decl":{"start":{"line":30,"column":25},"end":{"line":30,"column":26}},"loc":{"start":{"line":31,"column":8},"end":{"line":31,"column":94}},"line":31}},"branchMap":{"0":{"loc":{"start":{"line":20,"column":24},"end":{"line":26,"column":13}},"type":"cond-expr","locations":[{"start":{"line":21,"column":6},"end":{"line":25,"column":5}},{"start":{"line":26,"column":6},"end":{"line":26,"column":13}}],"line":20},"1":{"loc":{"start":{"line":22,"column":18},"end":{"line":24,"column":87}},"type":"binary-expr","locations":[{"start":{"line":22,"column":18},"end":{"line":22,"column":88}},{"start":{"line":23,"column":10},"end":{"line":23,"column":29}},{"start":{"line":24,"column":11},"end":{"line":24,"column":86}}],"line":22}},"s":{"0":4,"1":4,"2":2,"3":0,"4":2,"5":2,"6":4,"7":4},"f":{"0":2,"1":0,"2":2},"b":{"0":[0,2],"1":[0,0,0]},"_coverageSchema":"1a1c01bbd47fc00a2c39e90264f33305004495a9","hash":"981af848f3d2da3397ccdcde66a02a54d3547c08"}
,"/Users/stevekriz/hr/reviews/src/components/ModalSearch.jsx": {"path":"/Users/stevekriz/hr/reviews/src/components/ModalSearch.jsx","statementMap":{"0":{"start":{"line":5,"column":24},"end":{"line":15,"column":1}},"1":{"start":{"line":17,"column":23},"end":{"line":58,"column":1}},"2":{"start":{"line":60,"column":24},"end":{"line":65,"column":1}},"3":{"start":{"line":67,"column":18},"end":{"line":72,"column":1}},"4":{"start":{"line":74,"column":14},"end":{"line":131,"column":1}},"5":{"start":{"line":133,"column":21},"end":{"line":150,"column":1}},"6":{"start":{"line":152,"column":11},"end":{"line":156,"column":1}},"7":{"start":{"line":158,"column":30},"end":{"line":202,"column":1}},"8":{"start":{"line":162,"column":20},"end":{"line":162,"column":32}},"9":{"start":{"line":163,"column":22},"end":{"line":165,"column":3}},"10":{"start":{"line":164,"column":4},"end":{"line":164,"column":30}},"11":{"start":{"line":167,"column":23},"end":{"line":169,"column":3}},"12":{"start":{"line":168,"column":4},"end":{"line":168,"column":38}},"13":{"start":{"line":171,"column":23},"end":{"line":173,"column":3}},"14":{"start":{"line":172,"column":4},"end":{"line":172,"column":26}},"15":{"start":{"line":175,"column":2},"end":{"line":201,"column":4}},"16":{"start":{"line":206,"column":0},"end":{"line":209,"column":2}},"17":{"start":{"line":211,"column":0},"end":{"line":211,"column":56}}},"fnMap":{"0":{"name":"(anonymous_0)","decl":{"start":{"line":158,"column":30},"end":{"line":158,"column":31}},"loc":{"start":{"line":161,"column":6},"end":{"line":202,"column":1}},"line":161},"1":{"name":"(anonymous_1)","decl":{"start":{"line":163,"column":22},"end":{"line":163,"column":23}},"loc":{"start":{"line":163,"column":28},"end":{"line":165,"column":3}},"line":163},"2":{"name":"(anonymous_2)","decl":{"start":{"line":167,"column":23},"end":{"line":167,"column":24}},"loc":{"start":{"line":167,"column":30},"end":{"line":169,"column":3}},"line":167},"3":{"name":"(anonymous_3)","decl":{"start":{"line":171,"column":23},"end":{"line":171,"column":24}},"loc":{"start":{"line":171,"column":29},"end":{"line":173,"column":3}},"line":171}},"branchMap":{"0":{"loc":{"start":{"line":189,"column":12},"end":{"line":197,"column":18}},"type":"cond-expr","locations":[{"start":{"line":191,"column":14},"end":{"line":195,"column":29}},{"start":{"line":197,"column":14},"end":{"line":197,"column":18}}],"line":189}},"s":{"0":4,"1":4,"2":4,"3":4,"4":4,"5":4,"6":4,"7":4,"8":2,"9":2,"10":0,"11":2,"12":0,"13":2,"14":0,"15":2,"16":4,"17":4},"f":{"0":2,"1":0,"2":0,"3":0},"b":{"0":[0,2]},"_coverageSchema":"1a1c01bbd47fc00a2c39e90264f33305004495a9","hash":"a596ab4a3a818a4275c1de6158e432c0027b1310"}
,"/Users/stevekriz/hr/reviews/src/components/Ratings.jsx": {"path":"/Users/stevekriz/hr/reviews/src/components/Ratings.jsx","statementMap":{"0":{"start":{"line":5,"column":18},"end":{"line":13,"column":1}},"1":{"start":{"line":15,"column":15},"end":{"line":22,"column":1}},"2":{"start":{"line":24,"column":17},"end":{"line":32,"column":1}},"3":{"start":{"line":33,"column":15},"end":{"line":43,"column":1}},"4":{"start":{"line":45,"column":20},"end":{"line":51,"column":1}},"5":{"start":{"line":53,"column":24},"end":{"line":58,"column":1}},"6":{"start":{"line":56,"column":22},"end":{"line":56,"column":38}},"7":{"start":{"line":60,"column":15},"end":{"line":63,"column":1}},"8":{"start":{"line":65,"column":16},"end":{"line":83,"column":1}},"9":{"start":{"line":66,"column":2},"end":{"line":82,"column":14}},"10":{"start":{"line":68,"column":6},"end":{"line":80,"column":15}},"11":{"start":{"line":87,"column":0},"end":{"line":89,"column":2}}},"fnMap":{"0":{"name":"(anonymous_0)","decl":{"start":{"line":56,"column":11},"end":{"line":56,"column":12}},"loc":{"start":{"line":56,"column":22},"end":{"line":56,"column":38}},"line":56},"1":{"name":"(anonymous_1)","decl":{"start":{"line":65,"column":16},"end":{"line":65,"column":17}},"loc":{"start":{"line":66,"column":2},"end":{"line":82,"column":14}},"line":66},"2":{"name":"(anonymous_2)","decl":{"start":{"line":67,"column":17},"end":{"line":67,"column":18}},"loc":{"start":{"line":68,"column":6},"end":{"line":80,"column":15}},"line":68}},"branchMap":{"0":{"loc":{"start":{"line":56,"column":22},"end":{"line":56,"column":38}},"type":"binary-expr","locations":[{"start":{"line":56,"column":22},"end":{"line":56,"column":33}},{"start":{"line":56,"column":37},"end":{"line":56,"column":38}}],"line":56},"1":{"loc":{"start":{"line":74,"column":36},"end":{"line":74,"column":55}},"type":"binary-expr","locations":[{"start":{"line":74,"column":36},"end":{"line":74,"column":50}},{"start":{"line":74,"column":54},"end":{"line":74,"column":55}}],"line":74}},"s":{"0":2,"1":2,"2":2,"3":2,"4":2,"5":2,"6":6,"7":2,"8":2,"9":1,"10":6,"11":2},"f":{"0":6,"1":1,"2":6},"b":{"0":[6,0],"1":[6,0]},"_coverageSchema":"1a1c01bbd47fc00a2c39e90264f33305004495a9","hash":"99a417263b6798ee810623752785642d628cbfbe"}
,"/Users/stevekriz/hr/reviews/src/components/Review.jsx": {"path":"/Users/stevekriz/hr/reviews/src/components/Review.jsx","statementMap":{"0":{"start":{"line":5,"column":15},"end":{"line":13,"column":1}},"1":{"start":{"line":15,"column":15},"end":{"line":26,"column":1}},"2":{"start":{"line":28,"column":23},"end":{"line":31,"column":1}},"3":{"start":{"line":33,"column":16},"end":{"line":38,"column":1}},"4":{"start":{"line":37,"column":20},"end":{"line":37,"column":37}},"5":{"start":{"line":40,"column":17},"end":{"line":45,"column":1}},"6":{"start":{"line":47,"column":13},"end":{"line":51,"column":1}},"7":{"start":{"line":53,"column":16},"end":{"line":61,"column":1}},"8":{"start":{"line":63,"column":17},"end":{"line":68,"column":1}},"9":{"start":{"line":70,"column":15},"end":{"line":100,"column":1}},"10":{"start":{"line":71,"column":32},"end":{"line":71,"column":47}},"11":{"start":{"line":73,"column":22},"end":{"line":73,"column":44}},"12":{"start":{"line":73,"column":28},"end":{"line":73,"column":44}},"13":{"start":{"line":75,"column":2},"end":{"line":99,"column":4}},"14":{"start":{"line":104,"column":0},"end":{"line":116,"column":2}}},"fnMap":{"0":{"name":"(anonymous_0)","decl":{"start":{"line":37,"column":9},"end":{"line":37,"column":10}},"loc":{"start":{"line":37,"column":20},"end":{"line":37,"column":37}},"line":37},"1":{"name":"(anonymous_1)","decl":{"start":{"line":70,"column":15},"end":{"line":70,"column":16}},"loc":{"start":{"line":70,"column":31},"end":{"line":100,"column":1}},"line":70},"2":{"name":"(anonymous_2)","decl":{"start":{"line":73,"column":22},"end":{"line":73,"column":23}},"loc":{"start":{"line":73,"column":28},"end":{"line":73,"column":44}},"line":73}},"branchMap":{"0":{"loc":{"start":{"line":37,"column":20},"end":{"line":37,"column":37}},"type":"binary-expr","locations":[{"start":{"line":37,"column":20},"end":{"line":37,"column":29}},{"start":{"line":37,"column":33},"end":{"line":37,"column":37}}],"line":37},"1":{"loc":{"start":{"line":87,"column":9},"end":{"line":96,"column":11}},"type":"cond-expr","locations":[{"start":{"line":87,"column":51},"end":{"line":87,"column":65}},{"start":{"line":89,"column":12},"end":{"line":95,"column":15}}],"line":87},"2":{"loc":{"start":{"line":87,"column":9},"end":{"line":87,"column":48}},"type":"binary-expr","locations":[{"start":{"line":87,"column":9},"end":{"line":87,"column":37}},{"start":{"line":87,"column":41},"end":{"line":87,"column":48}}],"line":87}},"s":{"0":2,"1":2,"2":2,"3":2,"4":1,"5":2,"6":2,"7":2,"8":2,"9":2,"10":1,"11":1,"12":0,"13":1,"14":2},"f":{"0":1,"1":1,"2":0},"b":{"0":[1,0],"1":[0,1],"2":[1,1]},"_coverageSchema":"1a1c01bbd47fc00a2c39e90264f33305004495a9","hash":"71777ccccae39355b61b6c84903477a3b00e4056"}
,"/Users/stevekriz/hr/reviews/src/components/Reviews.jsx": {"path":"/Users/stevekriz/hr/reviews/src/components/Reviews.jsx","statementMap":{"0":{"start":{"line":7,"column":18},"end":{"line":11,"column":1}},"1":{"start":{"line":13,"column":16},"end":{"line":35,"column":1}},"2":{"start":{"line":14,"column":44},"end":{"line":14,"column":58}},"3":{"start":{"line":16,"column":30},"end":{"line":18,"column":3}},"4":{"start":{"line":17,"column":4},"end":{"line":17,"column":40}},"5":{"start":{"line":20,"column":2},"end":{"line":26,"column":9}},"6":{"start":{"line":21,"column":4},"end":{"line":21,"column":59}},"7":{"start":{"line":23,"column":4},"end":{"line":25,"column":6}},"8":{"start":{"line":24,"column":6},"end":{"line":24,"column":64}},"9":{"start":{"line":28,"column":2},"end":{"line":34,"column":4}},"10":{"start":{"line":31,"column":46},"end":{"line":31,"column":89}},"11":{"start":{"line":32,"column":46},"end":{"line":32,"column":89}},"12":{"start":{"line":39,"column":0},"end":{"line":48,"column":2}}},"fnMap":{"0":{"name":"(anonymous_0)","decl":{"start":{"line":13,"column":16},"end":{"line":13,"column":17}},"loc":{"start":{"line":13,"column":33},"end":{"line":35,"column":1}},"line":13},"1":{"name":"(anonymous_1)","decl":{"start":{"line":16,"column":30},"end":{"line":16,"column":31}},"loc":{"start":{"line":16,"column":36},"end":{"line":18,"column":3}},"line":16},"2":{"name":"(anonymous_2)","decl":{"start":{"line":20,"column":12},"end":{"line":20,"column":13}},"loc":{"start":{"line":20,"column":18},"end":{"line":26,"column":3}},"line":20},"3":{"name":"(anonymous_3)","decl":{"start":{"line":23,"column":11},"end":{"line":23,"column":12}},"loc":{"start":{"line":23,"column":17},"end":{"line":25,"column":5}},"line":23},"4":{"name":"(anonymous_4)","decl":{"start":{"line":31,"column":34},"end":{"line":31,"column":35}},"loc":{"start":{"line":31,"column":46},"end":{"line":31,"column":89}},"line":31},"5":{"name":"(anonymous_5)","decl":{"start":{"line":32,"column":34},"end":{"line":32,"column":35}},"loc":{"start":{"line":32,"column":46},"end":{"line":32,"column":89}},"line":32}},"branchMap":{"0":{"loc":{"start":{"line":30,"column":7},"end":{"line":32,"column":90}},"type":"cond-expr","locations":[{"start":{"line":31,"column":10},"end":{"line":31,"column":90}},{"start":{"line":32,"column":10},"end":{"line":32,"column":90}}],"line":30}},"s":{"0":2,"1":2,"2":1,"3":1,"4":0,"5":1,"6":0,"7":0,"8":0,"9":1,"10":1,"11":0,"12":2},"f":{"0":1,"1":0,"2":0,"3":0,"4":1,"5":0},"b":{"0":[1,0]},"_coverageSchema":"1a1c01bbd47fc00a2c39e90264f33305004495a9","hash":"07847e605fdace6bc95751a68136b45a18d9897b"}
}
