TN:
SF:database/index.js
FNF:0
FNH:0
DA:1,1
DA:3,1
DA:8,1
DA:16,1
DA:18,1
LF:5
LH:5
BRF:0
BRH:0
end_of_record
TN:
SF:server/app.js
FNF:0
FNH:0
DA:1,1
DA:2,1
DA:3,1
DA:4,1
DA:6,1
DA:8,1
DA:9,1
DA:11,1
DA:13,1
DA:15,1
LF:10
LH:10
BRF:0
BRH:0
end_of_record
TN:
SF:server/routes.js
FNF:0
FNH:0
DA:1,1
DA:2,1
DA:4,1
DA:6,1
DA:8,1
LF:5
LH:5
BRF:0
BRH:0
end_of_record
TN:
SF:server/controllers/ReviewsController.js
FN:3,(anonymous_0)
FN:4,(anonymous_1)
FNF:2
FNH:2
FNDA:2,(anonymous_0)
FNDA:2,(anonymous_1)
DA:1,1
DA:3,1
DA:4,2
DA:5,2
DA:6,1
DA:8,1
DA:13,1
LF:7
LH:7
BRDA:5,0,0,1
BRDA:5,0,1,1
BRF:2
BRH:2
end_of_record
TN:
SF:server/models/ReviewsModel.js
FN:3,(anonymous_0)
FNF:1
FNH:1
FNDA:2,(anonymous_0)
DA:1,1
DA:3,2
DA:5,1
LF:3
LH:3
BRF:0
BRH:0
end_of_record
TN:
SF:src/app.jsx
FN:51,(anonymous_0)
FN:57,(anonymous_1)
FN:59,(anonymous_2)
FN:63,(anonymous_3)
FN:65,(anonymous_4)
FN:67,(anonymous_5)
FN:72,(anonymous_6)
FN:77,(anonymous_7)
FN:78,(anonymous_8)
FNF:9
FNH:1
FNDA:1,(anonymous_0)
FNDA:0,(anonymous_1)
FNDA:0,(anonymous_2)
FNDA:0,(anonymous_3)
FNDA:0,(anonymous_4)
FNDA:0,(anonymous_5)
FNDA:0,(anonymous_6)
FNDA:0,(anonymous_7)
FNDA:0,(anonymous_8)
DA:11,1
DA:21,1
DA:36,1
DA:51,1
DA:52,1
DA:53,1
DA:54,1
DA:55,1
DA:57,1
DA:58,0
DA:60,0
DA:61,0
DA:63,0
DA:65,1
DA:67,1
DA:68,0
DA:69,0
DA:70,0
DA:72,0
DA:73,0
DA:77,1
DA:78,1
DA:80,1
DA:81,1
DA:84,0
LF:25
LH:15
BRDA:80,0,0,1
BRDA:80,0,1,0
BRF:2
BRH:1
end_of_record
TN:
SF:src/components/Footer.jsx
FN:29,(anonymous_0)
FN:30,(anonymous_1)
FNF:2
FNH:2
FNDA:1,(anonymous_0)
FNDA:6,(anonymous_1)
DA:5,2
DA:29,2
DA:30,6
DA:32,1
DA:41,2
LF:5
LH:5
BRF:0
BRH:0
end_of_record
TN:
SF:src/components/Header.jsx
FN:24,(anonymous_0)
FNF:1
FNH:1
FNDA:1,(anonymous_0)
DA:5,2
DA:13,2
DA:19,2
DA:24,2
DA:25,1
DA:33,2
LF:6
LH:6
BRF:0
BRH:0
end_of_record
TN:
SF:src/components/Modal.jsx
FN:16,(anonymous_0)
FN:42,(anonymous_1)
FN:47,(anonymous_2)
FN:55,(anonymous_3)
FN:60,(anonymous_4)
FN:65,(anonymous_5)
FNF:6
FNH:5
FNDA:1,(anonymous_0)
FNDA:1,(anonymous_1)
FNDA:1,(anonymous_2)
FNDA:1,(anonymous_3)
FNDA:1,(anonymous_4)
FNDA:0,(anonymous_5)
DA:8,2
DA:16,1
DA:22,2
DA:42,2
DA:45,1
DA:47,1
DA:48,1
DA:49,1
DA:50,1
DA:51,1
DA:52,1
DA:55,1
DA:56,1
DA:60,1
DA:61,1
DA:62,1
DA:63,1
DA:65,1
DA:67,1
DA:79,2
LF:20
LH:20
BRDA:16,0,0,1
BRDA:16,0,1,0
BRDA:49,1,0,1
BRDA:49,1,1,0
BRDA:49,2,0,1
BRDA:49,2,1,1
BRDA:68,3,0,1
BRDA:68,3,1,0
BRF:8
BRH:5
end_of_record
TN:
SF:src/components/ModalBody.jsx
FN:63,(anonymous_0)
FN:67,(anonymous_1)
FN:69,(anonymous_2)
FNF:3
FNH:1
FNDA:2,(anonymous_0)
FNDA:0,(anonymous_1)
FNDA:0,(anonymous_2)
DA:11,3
DA:24,3
DA:37,3
DA:50,3
DA:63,3
DA:64,2
DA:65,2
DA:67,2
DA:69,2
DA:70,0
DA:71,0
DA:74,2
DA:95,3
LF:13
LH:11
BRF:0
BRH:0
end_of_record
TN:
SF:src/components/ModalClose.jsx
FN:37,(anonymous_0)
FN:38,(anonymous_1)
FNF:2
FNH:2
FNDA:2,(anonymous_0)
FNDA:6,(anonymous_1)
DA:5,3
DA:13,3
DA:37,3
DA:38,6
DA:40,2
DA:52,3
LF:6
LH:6
BRDA:43,0,0,2
BRDA:43,0,1,0
BRF:2
BRH:1
end_of_record
TN:
SF:src/components/ModalRatings.jsx
FN:72,(anonymous_0)
FN:82,(anonymous_1)
FN:84,(anonymous_2)
FNF:3
FNH:3
FNDA:12,(anonymous_0)
FNDA:2,(anonymous_1)
FNDA:12,(anonymous_2)
DA:5,4
DA:20,4
DA:40,4
DA:48,4
DA:60,4
DA:69,4
DA:72,12
DA:77,4
DA:82,4
DA:83,2
DA:85,12
DA:98,4
LF:12
LH:12
BRDA:72,0,0,12
BRDA:72,0,1,0
BRDA:88,1,0,12
BRDA:88,1,1,0
BRF:4
BRH:2
end_of_record
TN:
SF:src/components/ModalRatingsHeader.jsx
FN:45,(anonymous_0)
FNF:1
FNH:1
FNDA:2,(anonymous_0)
DA:5,4
DA:20,4
DA:31,4
DA:45,4
DA:46,2
DA:54,4
LF:6
LH:6
BRF:0
BRH:0
end_of_record
TN:
SF:src/components/ModalReview.jsx
FN:45,(anonymous_0)
FN:126,(anonymous_1)
FN:130,(anonymous_2)
FN:131,(anonymous_3)
FN:133,(anonymous_4)
FN:141,(anonymous_5)
FN:150,(anonymous_6)
FNF:7
FNH:5
FNDA:4,(anonymous_0)
FNDA:3,(anonymous_1)
FNDA:0,(anonymous_2)
FNDA:0,(anonymous_3)
FNDA:6,(anonymous_4)
FNDA:255,(anonymous_5)
FNDA:543,(anonymous_6)
DA:6,5
DA:16,5
DA:31,5
DA:41,5
DA:45,4
DA:48,5
DA:56,5
DA:63,5
DA:70,5
DA:84,5
DA:97,5
DA:110,5
DA:126,5
DA:127,3
DA:128,3
DA:130,3
DA:131,3
DA:133,3
DA:134,6
DA:135,6
DA:136,6
DA:141,255
DA:150,543
DA:159,6
DA:162,3
DA:196,5
DA:211,5
LF:27
LH:27
BRDA:45,0,0,4
BRDA:45,0,1,0
BRDA:134,1,0,3
BRDA:134,1,1,3
BRDA:135,2,0,3
BRDA:135,2,1,3
BRDA:136,3,0,3
BRDA:136,3,1,3
BRDA:136,4,0,6
BRDA:136,4,1,3
BRDA:136,4,2,3
BRDA:136,4,3,0
BRDA:174,5,0,3
BRDA:174,5,1,0
BRF:14
BRH:11
end_of_record
TN:
SF:src/components/ModalReviews.jsx
FN:26,(anonymous_0)
FN:28,(anonymous_1)
FN:36,(anonymous_2)
FNF:3
FNH:2
FNDA:2,(anonymous_0)
FNDA:0,(anonymous_1)
FNDA:2,(anonymous_2)
DA:7,4
DA:26,4
DA:27,2
DA:28,0
DA:34,2
DA:37,2
DA:45,4
DA:50,4
LF:8
LH:7
BRDA:27,0,0,0
BRDA:27,0,1,2
BRDA:28,1,0,0
BRDA:28,1,1,0
BRDA:28,1,2,0
BRF:5
BRH:1
end_of_record
TN:
SF:src/components/ModalSearch.jsx
FN:112,(anonymous_0)
FN:114,(anonymous_1)
FN:115,(anonymous_2)
FN:116,(anonymous_3)
FNF:4
FNH:1
FNDA:2,(anonymous_0)
FNDA:0,(anonymous_1)
FNDA:0,(anonymous_2)
FNDA:0,(anonymous_3)
DA:5,4
DA:22,4
DA:55,4
DA:65,4
DA:72,4
DA:88,4
DA:107,4
DA:112,4
DA:113,2
DA:114,2
DA:115,2
DA:116,2
DA:118,2
DA:144,4
DA:149,4
LF:15
LH:15
BRDA:130,0,0,0
BRDA:130,0,1,2
BRF:2
BRH:1
end_of_record
TN:
SF:src/components/Ratings.jsx
FN:62,(anonymous_0)
FN:75,(anonymous_1)
FN:77,(anonymous_2)
FNF:3
FNH:3
FNDA:6,(anonymous_0)
FNDA:1,(anonymous_1)
FNDA:6,(anonymous_2)
DA:5,2
DA:15,2
DA:24,2
DA:34,2
DA:47,2
DA:59,2
DA:62,6
DA:70,2
DA:75,2
DA:76,1
DA:78,6
DA:91,2
LF:12
LH:12
BRDA:62,0,0,6
BRDA:62,0,1,0
BRDA:81,1,0,6
BRDA:81,1,1,0
BRF:4
BRH:2
end_of_record
TN:
SF:src/components/Review.jsx
FN:45,(anonymous_0)
FN:78,(anonymous_1)
FN:81,(anonymous_2)
FNF:3
FNH:2
FNDA:1,(anonymous_0)
FNDA:1,(anonymous_1)
FNDA:0,(anonymous_2)
DA:5,2
DA:15,2
DA:32,2
DA:41,2
DA:45,1
DA:48,2
DA:55,2
DA:61,2
DA:71,2
DA:78,2
DA:79,1
DA:81,1
DA:83,1
DA:109,2
LF:14
LH:14
BRDA:45,0,0,1
BRDA:45,0,1,0
BRDA:95,1,0,0
BRDA:95,1,1,1
BRDA:95,2,0,1
BRDA:95,2,1,1
BRF:6
BRH:4
end_of_record
TN:
SF:src/components/Reviews.jsx
FN:13,(anonymous_0)
FN:16,(anonymous_1)
FN:17,(anonymous_2)
FNF:3
FNH:2
FNDA:1,(anonymous_0)
FNDA:1,(anonymous_1)
FNDA:0,(anonymous_2)
DA:7,2
DA:13,2
DA:14,1
DA:16,1
DA:17,0
DA:23,2
LF:6
LH:5
BRDA:15,0,0,1
BRDA:15,0,1,0
BRF:2
BRH:1
end_of_record
